<?xml version="1.0" encoding="UTF-8"?>
<!-- Generated by org.testng.reporters.JUnitXMLReporter -->
<testsuite hostname="san3149591" ignored="0" name="CreateNewPayeeRegression" tests="2" failures="1" timestamp="26 Sep 2019 12:08:25 GMT" time="11.429" errors="0">
  <testcase name="GlobalInitialization" time="8.884" classname="com.projectU.testcase.freecrm"/>
  <testcase name="verify_Home_Page" time="0.016" classname="com.projectU.testcase.freecrm">
    <failure type="java.lang.AssertionError" message="URL is not matching with actual one expected [https://www.freecrm.com/index.html] but found [https://freecrm.com/index.html]">
      <![CDATA[java.lang.AssertionError: URL is not matching with actual one expected [https://www.freecrm.com/index.html] but found [https://freecrm.com/index.html]
at com.projectU.pages.homewithoutlogin.verify_Current_URL(homewithoutlogin.java:14)
at com.projectU.testcase.freecrm.verify_Home_Page(freecrm.java:20)
at com.projectU.framework.TestExecute.executeXML(TestExecute.java:35)
at com.projectU.framework.Jstorm.executeTestNGXML(Jstorm.java:26)
at com.projectU.projectU.ExecuteMain(projectU.java:13)
... Removed 52 stack frames]]>
    </failure>
  </testcase> <!-- verify_Home_Page -->
</testsuite> <!-- CreateNewPayeeRegression -->
