<?xml version="1.0" encoding="UTF-8"?>
<testng-results skipped="0" failed="0" ignored="0" total="1" passed="1">
  <reporter-output>
  </reporter-output>
  <suite name="Suite" duration-ms="19524" started-at="2019-01-29T19:37:19Z" finished-at="2019-01-29T19:37:38Z">
    <groups>
    </groups>
    <test name="Test" duration-ms="19524" started-at="2019-01-29T19:37:19Z" finished-at="2019-01-29T19:37:38Z">
      <class name="com.CBSCorporate.CBSCorporate">
        <test-method status="PASS" signature="ExecuteMain()[pri:0, instance:com.CBSCorporate.CBSCorporate@7a765367]" name="ExecuteMain" duration-ms="19497" started-at="2019-01-29T19:37:19Z" finished-at="2019-01-29T19:37:38Z">
          <reporter-output>
          </reporter-output>
        </test-method> <!-- ExecuteMain -->
      </class> <!-- com.CBSCorporate.CBSCorporate -->
    </test> <!-- Test -->
  </suite> <!-- Suite -->
</testng-results>
